[debug] [2023-11-26T10:29:50.806Z] ----------------------------------------------------------------------
[debug] [2023-11-26T10:29:50.809Z] Command:       C:\Program Files\nodejs\node.exe C:\Users\sai kusuma c\AppData\Roaming\npm\node_modules\firebase-tools\lib\bin\firebase.js init
[debug] [2023-11-26T10:29:50.810Z] CLI Version:   12.9.1
[debug] [2023-11-26T10:29:50.810Z] Platform:      win32
[debug] [2023-11-26T10:29:50.810Z] Node Version:  v20.9.0
[debug] [2023-11-26T10:29:50.811Z] Time:          Sun Nov 26 2023 15:59:50 GMT+0530 (India Standard Time)
[debug] [2023-11-26T10:29:50.811Z] ----------------------------------------------------------------------
[debug] 
[debug] [2023-11-26T10:29:50.820Z] > command requires scopes: ["email","openid","https://www.googleapis.com/auth/cloudplatformprojects.readonly","https://www.googleapis.com/auth/firebase","https://www.googleapis.com/auth/cloud-platform"]
[debug] [2023-11-26T10:29:50.821Z] > authorizing via signed-in user (saikusuma228@gmail.com)
[info] 
     ######## #### ########  ######## ########     ###     ######  ########
     ##        ##  ##     ## ##       ##     ##  ##   ##  ##       ##
     ######    ##  ########  ######   ########  #########  ######  ######
     ##        ##  ##    ##  ##       ##     ## ##     ##       ## ##
     ##       #### ##     ## ######## ########  ##     ##  ######  ########

You're about to initialize a Firebase project in this directory:

  D:\DOCUMENTS\food-delivery-app\backend

[info] 
=== Project Setup
[info] 
[info] First, let's associate this project directory with a Firebase project.
[info] You can create multiple project aliases by running firebase use --add, 
[info] but for now we'll just set up a default project.
[info] 
[debug] [2023-11-26T10:30:39.395Z] >>> [apiv2][query] GET https://firebase.googleapis.com/v1beta1/projects pageSize=100
[debug] [2023-11-26T10:30:40.469Z] <<< [apiv2][status] GET https://firebase.googleapis.com/v1beta1/projects 200
[debug] [2023-11-26T10:30:40.471Z] <<< [apiv2][body] GET https://firebase.googleapis.com/v1beta1/projects [omitted]
[info] i  Using project bmicalculator-a7049 (bmicalculator) 
[info] 
=== Hosting Setup
[debug] [2023-11-26T10:31:27.027Z] >>> [apiv2][query] GET https://firebase.googleapis.com/v1beta1/projects/bmicalculator-a7049 [none]
[debug] [2023-11-26T10:31:27.504Z] <<< [apiv2][status] GET https://firebase.googleapis.com/v1beta1/projects/bmicalculator-a7049 200
[debug] [2023-11-26T10:31:27.505Z] <<< [apiv2][body] GET https://firebase.googleapis.com/v1beta1/projects/bmicalculator-a7049 {"projectId":"bmicalculator-a7049","projectNumber":"953932877792","displayName":"bmicalculator","name":"projects/bmicalculator-a7049","resources":{"hostingSite":"bmicalculator-a7049"},"state":"ACTIVE","etag":"1_6d685644-81c2-48de-bd6d-bda8333f4fb8"}
[info] 
[info] Your public directory is the folder (relative to your project directory) that
[info] will contain Hosting assets to be uploaded with firebase deploy. If you
[info] have a build process for your assets, use your build's output directory.
[info] 
[debug] [2023-11-26T10:32:24.175Z] >>> [apiv2][query] GET https://www.gstatic.com/firebasejs/releases.json [none]
[debug] [2023-11-26T10:32:24.348Z] <<< [apiv2][status] GET https://www.gstatic.com/firebasejs/releases.json 200
[debug] [2023-11-26T10:32:24.348Z] <<< [apiv2][body] GET https://www.gstatic.com/firebasejs/releases.json {"current":{"version":"10.6.0","browserURL":"https://www.gstatic.com/firebasejs/10.6.0/firebase.js","packageURL":"https://www.gstatic.com/firebasejs/10.6.0/firebase.tgz"},"live":{"version":"10.6","browserURL":"https://www.gstatic.com/firebasejs/live/10.6/firebase.js","packageURL":"https://www.gstatic.com/firebasejs/live/10.6/firebase.tgz"},"components":{"analytics":"https://www.gstatic.com/firebasejs/10.6.0/firebase-analytics.js","app":"https://www.gstatic.com/firebasejs/10.6.0/firebase-app.js","app-check":"https://www.gstatic.com/firebasejs/10.6.0/firebase-app-check.js","auth":"https://www.gstatic.com/firebasejs/10.6.0/firebase-auth.js","auth/cordova":"https://www.gstatic.com/firebasejs/10.6.0/firebase-auth/cordova.js","functions":"https://www.gstatic.com/firebasejs/10.6.0/firebase-functions.js","firestore":"https://www.gstatic.com/firebasejs/10.6.0/firebase-firestore.js","firestore/lite":"https://www.gstatic.com/firebasejs/10.6.0/firebase-firestore/lite.js","installations":"https://www.gstatic.com/firebasejs/10.6.0/firebase-installations.js","storage":"https://www.gstatic.com/firebasejs/10.6.0/firebase-storage.js","performance":"https://www.gstatic.com/firebasejs/10.6.0/firebase-performance.js","remote-config":"https://www.gstatic.com/firebasejs/10.6.0/firebase-remote-config.js","messaging":"https://www.gstatic.com/firebasejs/10.6.0/firebase-messaging.js","messaging/sw":"https://www.gstatic.com/firebasejs/10.6.0/firebase-messaging/sw.js","database":"https://www.gstatic.com/firebasejs/10.6.0/firebase-database.js","firestore.memory":"https://www.gstatic.com/firebasejs/10.6.0/firebase-firestore.memory.js"}}
[info] +  Wrote public/index.html 
[info] 
[info] i  Detected a .git folder at D:\DOCUMENTS\food-delivery-app\backend 
[info] i  Authorizing with GitHub to upload your service account to a GitHub repository's secrets store. 
[info] 
[info] Visit this URL on this device to log in:
[info] https://github.com/login/oauth/authorize?client_id=89cf50f02ac6aaed3484&state=675592272&redirect_uri=http%3A%2F%2Flocalhost%3A9005&scope=read%3Auser%20repo%20public_repo
[info] 
[info] Waiting for authentication...
[debug] [2023-11-26T10:32:36.781Z] >>> [apiv2][query] POST https://github.com/login/oauth/access_token [none]
[debug] [2023-11-26T10:32:36.782Z] >>> [apiv2][body] POST https://github.com/login/oauth/access_token [stream]
[debug] [2023-11-26T10:32:37.241Z] <<< [apiv2][status] POST https://github.com/login/oauth/access_token 200
[debug] [2023-11-26T10:32:37.241Z] <<< [apiv2][body] POST https://github.com/login/oauth/access_token {"access_token":"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","token_type":"bearer","scope":"read:user,repo"}
[debug] [2023-11-26T10:32:37.256Z] >>> [apiv2][query] GET https://api.github.com/user [none]
[debug] [2023-11-26T10:32:37.727Z] <<< [apiv2][status] GET https://api.github.com/user 200
[debug] [2023-11-26T10:32:37.727Z] <<< [apiv2][body] GET https://api.github.com/user {"login":"Saikusuma23","id":144714292,"node_id":"U_kgDOCKAqNA","avatar_url":"https://avatars.githubusercontent.com/u/144714292?v=4","gravatar_id":"","url":"https://api.github.com/users/Saikusuma23","html_url":"https://github.com/Saikusuma23","followers_url":"https://api.github.com/users/Saikusuma23/followers","following_url":"https://api.github.com/users/Saikusuma23/following{/other_user}","gists_url":"https://api.github.com/users/Saikusuma23/gists{/gist_id}","starred_url":"https://api.github.com/users/Saikusuma23/starred{/owner}{/repo}","subscriptions_url":"https://api.github.com/users/Saikusuma23/subscriptions","organizations_url":"https://api.github.com/users/Saikusuma23/orgs","repos_url":"https://api.github.com/users/Saikusuma23/repos","events_url":"https://api.github.com/users/Saikusuma23/events{/privacy}","received_events_url":"https://api.github.com/users/Saikusuma23/received_events","type":"User","site_admin":false,"name":null,"company":null,"blog":"","location":null,"email":null,"hireable":null,"bio":null,"twitter_username":null,"public_repos":14,"public_gists":0,"followers":0,"following":0,"created_at":"2023-09-11T16:06:10Z","updated_at":"2023-11-25T17:17:53Z","private_gists":0,"total_private_repos":0,"owned_private_repos":0,"disk_usage":75241,"collaborators":0,"two_factor_authentication":false,"plan":{"name":"free","space":976562499,"collaborators":0,"private_repos":10000}}
[info] 
[info] +  Success! Logged into GitHub as Saikusuma23 
[info] 
[debug] [2023-11-26T10:33:19.452Z] >>> [apiv2][query] GET https://api.github.com/repos//actions/secrets/public-key type=owner
[debug] [2023-11-26T10:33:19.801Z] >>> [apiv2][query] GET https://api.github.com/repos//actions/secrets/public-key type=owner
[debug] [2023-11-26T10:33:19.841Z] <<< [apiv2][status] GET https://api.github.com/repos//actions/secrets/public-key 404
[debug] [2023-11-26T10:33:19.841Z] <<< [apiv2][body] GET https://api.github.com/repos//actions/secrets/public-key {"message":"Not Found","documentation_url":"https://docs.github.com/rest"}
[info] 
[info] 
[error] !  The provided authorization cannot be used with this repository. If this repository is in an organization, did you remember to grant access? 
[info] 
[info] i  Action required: Visit this URL to ensure access has been granted to the appropriate organization(s) for the Firebase CLI GitHub OAuth App: 
[info] https://github.com/settings/connections/applications/89cf50f02ac6aaed3484
[info] 
[debug] [2023-11-26T10:33:20.214Z] <<< [apiv2][status] GET https://api.github.com/repos//actions/secrets/public-key 404
[debug] [2023-11-26T10:33:20.216Z] <<< [apiv2][body] GET https://api.github.com/repos//actions/secrets/public-key {"message":"Not Found","documentation_url":"https://docs.github.com/rest"}
[info] 
[info] 
[error] !  The provided authorization cannot be used with this repository. If this repository is in an organization, did you remember to grant access? 
[info] 
[info] i  Action required: Visit this URL to ensure access has been granted to the appropriate organization(s) for the Firebase CLI GitHub OAuth App: 
[info] https://github.com/settings/connections/applications/89cf50f02ac6aaed3484
[info] 
[debug] [2023-11-26T10:33:23.058Z] >>> [apiv2][query] GET https://api.github.com/repos//actions/secrets/public-key type=owner
[debug] [2023-11-26T10:33:23.352Z] <<< [apiv2][status] GET https://api.github.com/repos//actions/secrets/public-key 404
[debug] [2023-11-26T10:33:23.352Z] <<< [apiv2][body] GET https://api.github.com/repos//actions/secrets/public-key {"message":"Not Found","documentation_url":"https://docs.github.com/rest"}
[info] 
[info] 
[error] !  The provided authorization cannot be used with this repository. If this repository is in an organization, did you remember to grant access? 
[info] 
[info] i  Action required: Visit this URL to ensure access has been granted to the appropriate organization(s) for the Firebase CLI GitHub OAuth App: 
[info] https://github.com/settings/connections/applications/89cf50f02ac6aaed3484
[info] 
[debug] [2023-11-26T10:33:27.849Z] >>> [apiv2][query] GET https://api.github.com/repos/exit/actions/secrets/public-key type=owner
[debug] [2023-11-26T10:33:28.221Z] <<< [apiv2][status] GET https://api.github.com/repos/exit/actions/secrets/public-key 404
[debug] [2023-11-26T10:33:28.221Z] <<< [apiv2][body] GET https://api.github.com/repos/exit/actions/secrets/public-key {"message":"Not Found","documentation_url":"https://docs.github.com/rest"}
[info] 
[info] 
[error] !  The provided authorization cannot be used with this repository. If this repository is in an organization, did you remember to grant access? 
[info] 
[info] i  Action required: Visit this URL to ensure access has been granted to the appropriate organization(s) for the Firebase CLI GitHub OAuth App: 
[info] https://github.com/settings/connections/applications/89cf50f02ac6aaed3484
[info] 
